2019-03-11 11:26:26,868 INFO file:LinkedInSpider.py line:53 process:23780 thread:22400 message:('hptuestc@gmail.com', 'login success!')
2019-03-11 11:27:34,042 INFO file:LinkedInSpider.py line:53 process:28420 thread:22136 message:('hptuestc@gmail.com', 'login success!')
2019-03-11 11:28:27,400 INFO file:LinkedInSpider.py line:53 process:22888 thread:26908 message:('hptuestc@gmail.com', 'login success!')
2019-03-11 12:14:56,980 INFO file:LinkedInSpider.py line:53 process:26536 thread:27560 message:('hptuestc@gmail.com', 'login success!')
2019-03-11 12:15:06,160 INFO file:LinkedInSpider.py line:81 process:26536 thread:27560 message:{'user_name': u'Tom Ford', 'person_url': u'https://www.linkedin.com/in/tom-ford-140893a6/'}
2019-03-11 12:15:06,206 INFO file:LinkedInSpider.py line:81 process:26536 thread:27560 message:{'user_name': u'Tom Larose', 'person_url': u'https://www.linkedin.com/in/tomlarose77/'}
2019-03-11 12:15:06,252 INFO file:LinkedInSpider.py line:81 process:26536 thread:27560 message:{'user_name': u'Tom Guo', 'person_url': u'https://www.linkedin.com/in/tom-guo-9ba12662/'}
2019-03-11 12:15:06,299 INFO file:LinkedInSpider.py line:81 process:26536 thread:27560 message:{'user_name': u'Tom Chen', 'person_url': u'https://www.linkedin.com/in/tom-chen-b54865125/'}
2019-03-11 12:15:06,378 INFO file:LinkedInSpider.py line:81 process:26536 thread:27560 message:{'user_name': u'Tom.JW Wang', 'person_url': u'https://www.linkedin.com/in/tomjwwang8156/'}
2019-03-11 12:15:06,424 INFO file:LinkedInSpider.py line:81 process:26536 thread:27560 message:{'user_name': u'Tom Rang', 'person_url': u'https://www.linkedin.com/in/tom-rang-49859b102/'}
2019-03-11 12:15:06,473 INFO file:LinkedInSpider.py line:81 process:26536 thread:27560 message:{'user_name': u'Tom Emrich', 'person_url': u'https://www.linkedin.com/in/thomasemrich/'}
2019-03-11 12:15:06,519 INFO file:LinkedInSpider.py line:81 process:26536 thread:27560 message:{'user_name': u'Tom Carreras', 'person_url': u'https://www.linkedin.com/in/tom-carreras-aa75b965/'}
2019-03-11 12:15:06,565 INFO file:LinkedInSpider.py line:81 process:26536 thread:27560 message:{'user_name': u'Tom Gonser', 'person_url': u'https://www.linkedin.com/in/tgonser/'}
2019-03-11 12:15:06,611 INFO file:LinkedInSpider.py line:81 process:26536 thread:27560 message:{'user_name': u'Tom Gardner', 'person_url': u'https://www.linkedin.com/in/tom-gardner-19715812/'}
2019-03-11 12:15:17,161 INFO file:LinkedInSpider.py line:81 process:26536 thread:27560 message:{'user_name': u'Tom Ford', 'person_url': u'https://www.linkedin.com/in/tom-ford-140893a6/'}
2019-03-11 12:15:17,210 INFO file:LinkedInSpider.py line:81 process:26536 thread:27560 message:{'user_name': u'Tom Larose', 'person_url': u'https://www.linkedin.com/in/tomlarose77/'}
2019-03-11 12:15:17,256 INFO file:LinkedInSpider.py line:81 process:26536 thread:27560 message:{'user_name': u'Tom Guo', 'person_url': u'https://www.linkedin.com/in/tom-guo-9ba12662/'}
2019-03-11 12:15:17,302 INFO file:LinkedInSpider.py line:81 process:26536 thread:27560 message:{'user_name': u'Tom Chen', 'person_url': u'https://www.linkedin.com/in/tom-chen-b54865125/'}
2019-03-11 12:15:17,349 INFO file:LinkedInSpider.py line:81 process:26536 thread:27560 message:{'user_name': u'Tom.JW Wang', 'person_url': u'https://www.linkedin.com/in/tomjwwang8156/'}
2019-03-11 12:15:17,392 INFO file:LinkedInSpider.py line:81 process:26536 thread:27560 message:{'user_name': u'Tom Rang', 'person_url': u'https://www.linkedin.com/in/tom-rang-49859b102/'}
2019-03-11 12:15:17,434 INFO file:LinkedInSpider.py line:81 process:26536 thread:27560 message:{'user_name': u'Tom Emrich', 'person_url': u'https://www.linkedin.com/in/thomasemrich/'}
2019-03-11 12:15:17,476 INFO file:LinkedInSpider.py line:81 process:26536 thread:27560 message:{'user_name': u'Tom Carreras', 'person_url': u'https://www.linkedin.com/in/tom-carreras-aa75b965/'}
2019-03-11 12:15:17,517 INFO file:LinkedInSpider.py line:81 process:26536 thread:27560 message:{'user_name': u'Tom Gonser', 'person_url': u'https://www.linkedin.com/in/tgonser/'}
2019-03-11 12:15:17,562 INFO file:LinkedInSpider.py line:81 process:26536 thread:27560 message:{'user_name': u'Tom Gardner', 'person_url': u'https://www.linkedin.com/in/tom-gardner-19715812/'}
2019-03-11 12:15:27,575 INFO file:LinkedInSpider.py line:81 process:26536 thread:27560 message:{'user_name': u'Tom Lee', 'person_url': u'https://www.linkedin.com/in/tom-lee-4b9b9615/'}
2019-03-11 12:15:27,621 INFO file:LinkedInSpider.py line:81 process:26536 thread:27560 message:{'user_name': u'Tom .', 'person_url': u'https://www.linkedin.com/in/tom-85822777/'}
2019-03-11 12:15:27,704 INFO file:LinkedInSpider.py line:81 process:26536 thread:27560 message:{'user_name': u'\u5510\u5c0f\u5ddd', 'person_url': u'https://www.linkedin.com/in/tom-tang-55280a45/'}
2019-03-11 12:15:27,747 INFO file:LinkedInSpider.py line:81 process:26536 thread:27560 message:{'user_name': u'Tom Duan', 'person_url': u'https://www.linkedin.com/in/tom-duan-061716b7/'}
2019-03-11 12:15:27,796 INFO file:LinkedInSpider.py line:81 process:26536 thread:27560 message:{'user_name': u'Tom Bie', 'person_url': u'https://www.linkedin.com/in/tom-bie-a7b40470/'}
2019-03-11 12:15:27,842 INFO file:LinkedInSpider.py line:81 process:26536 thread:27560 message:{'user_name': u'\u5b59\u82f1\u6d9b', 'person_url': u'https://www.linkedin.com/in/tom-sunyingtao-207b3167/'}
2019-03-11 12:15:27,887 INFO file:LinkedInSpider.py line:81 process:26536 thread:27560 message:{'user_name': u'tom long', 'person_url': u'https://www.linkedin.com/in/tom-long-86678a161/'}
2019-03-11 12:15:27,933 INFO file:LinkedInSpider.py line:81 process:26536 thread:27560 message:{'user_name': u'Tom Kruger', 'person_url': u'https://www.linkedin.com/in/krugerthomas/'}
2019-03-11 12:15:27,977 INFO file:LinkedInSpider.py line:81 process:26536 thread:27560 message:{'user_name': u'Tom Xia', 'person_url': u'https://www.linkedin.com/in/tom-xia-3567bb23/'}
2019-03-11 12:15:28,023 INFO file:LinkedInSpider.py line:81 process:26536 thread:27560 message:{'user_name': u'tom wang', 'person_url': u'https://www.linkedin.com/in/tom-wang-9a201b6a/'}
2019-03-11 12:15:38,329 INFO file:LinkedInSpider.py line:81 process:26536 thread:27560 message:{'user_name': u'Tom Wong', 'person_url': u'https://www.linkedin.com/in/tom-wong-856b2468/'}
2019-03-11 12:15:38,381 INFO file:LinkedInSpider.py line:81 process:26536 thread:27560 message:{'user_name': u'Tom Scarn', 'person_url': u'https://www.linkedin.com/in/tomscarn/'}
2019-03-11 12:15:38,424 INFO file:LinkedInSpider.py line:81 process:26536 thread:27560 message:{'user_name': u'Tom Chen', 'person_url': u'https://www.linkedin.com/in/tom-chen-78bb4468/'}
2019-03-11 12:15:38,473 INFO file:LinkedInSpider.py line:81 process:26536 thread:27560 message:{'user_name': u'Tom Liu', 'person_url': u'https://www.linkedin.com/in/tomliuiangdong/'}
2019-03-11 12:15:38,519 INFO file:LinkedInSpider.py line:81 process:26536 thread:27560 message:{'user_name': u'\u5f20\u660c\u9f99', 'person_url': u'https://www.linkedin.com/in/%E6%98%8C%E9%BE%99-%E5%BC%A0-544221a7/'}
2019-03-11 12:15:38,569 INFO file:LinkedInSpider.py line:81 process:26536 thread:27560 message:{'user_name': u'Tom Tai', 'person_url': u'https://www.linkedin.com/in/tom-tai-94b435b/'}
2019-03-11 12:15:38,615 INFO file:LinkedInSpider.py line:81 process:26536 thread:27560 message:{'user_name': u'\u6b66\u82f1\u826f', 'person_url': u'https://www.linkedin.com/in/%E8%8B%B1%E8%89%AF-%E6%AD%A6-2b3b41110/'}
2019-03-11 12:15:38,667 INFO file:LinkedInSpider.py line:81 process:26536 thread:27560 message:{'user_name': u'\u9c8d\u9645\u8d85', 'person_url': u'https://www.linkedin.com/in/%E9%99%85%E8%B6%85-%E9%B2%8D-688319b4/'}
2019-03-11 12:15:38,724 INFO file:LinkedInSpider.py line:81 process:26536 thread:27560 message:{'user_name': u'Tom T.', 'person_url': u'https://www.linkedin.com/in/tom-t-466b1a49/'}
2019-03-11 12:15:38,770 INFO file:LinkedInSpider.py line:81 process:26536 thread:27560 message:{'user_name': u'Tom Tang', 'person_url': u'https://www.linkedin.com/in/tom-tang-0170a5128/'}
2019-03-11 12:15:49,250 INFO file:LinkedInSpider.py line:81 process:26536 thread:27560 message:{'user_name': u'Zhenju Kou', 'person_url': u'https://www.linkedin.com/in/zhenju-kou-469691a2/'}
2019-03-11 12:15:49,305 INFO file:LinkedInSpider.py line:81 process:26536 thread:27560 message:{'user_name': u'Tom Tang', 'person_url': u'https://www.linkedin.com/in/tom-tang-5835444b/'}
2019-03-11 12:15:49,351 INFO file:LinkedInSpider.py line:81 process:26536 thread:27560 message:{'user_name': u'TOM HU', 'person_url': u'https://www.linkedin.com/in/tom-hu-350543122/'}
2019-03-11 12:15:49,397 INFO file:LinkedInSpider.py line:81 process:26536 thread:27560 message:{'user_name': u'Tom Tang', 'person_url': u'https://www.linkedin.com/in/tom-tang-7940b732/'}
2019-03-11 12:15:49,443 INFO file:LinkedInSpider.py line:81 process:26536 thread:27560 message:{'user_name': u'\u4f59\u5e73\u9759', 'person_url': u'https://www.linkedin.com/in/%E5%B9%B3%E9%9D%99-%E4%BD%99-036213101/'}
2019-03-11 12:15:49,489 INFO file:LinkedInSpider.py line:81 process:26536 thread:27560 message:{'user_name': u'Tom Zhou', 'person_url': u'https://www.linkedin.com/in/tom-zhou-75356823/'}
2019-03-11 12:15:49,536 INFO file:LinkedInSpider.py line:81 process:26536 thread:27560 message:{'user_name': u'Tom Leong', 'person_url': u'https://www.linkedin.com/in/tom-leong-90963719/'}
2019-03-11 12:15:49,582 INFO file:LinkedInSpider.py line:81 process:26536 thread:27560 message:{'user_name': u'Tom Usher', 'person_url': u'https://www.linkedin.com/in/tomusher/'}
2019-03-11 12:15:49,645 INFO file:LinkedInSpider.py line:81 process:26536 thread:27560 message:{'user_name': u'Tom Zhou', 'person_url': u'https://www.linkedin.com/in/tom-zhou-b079b5b0/'}
2019-03-11 12:15:49,694 INFO file:LinkedInSpider.py line:81 process:26536 thread:27560 message:{'user_name': u'Tom Doughty', 'person_url': u'https://www.linkedin.com/in/tom-doughty/'}
2019-03-11 12:16:00,095 INFO file:LinkedInSpider.py line:81 process:26536 thread:27560 message:{'user_name': u'Tom Tang', 'person_url': u'https://www.linkedin.com/in/tom-tang-70989448/'}
2019-03-11 12:16:00,141 INFO file:LinkedInSpider.py line:81 process:26536 thread:27560 message:{'user_name': u'\u535e\u4e2d\u660e', 'person_url': u'https://www.linkedin.com/in/%E4%B8%AD%E6%98%8E-%E5%8D%9E-36b260102/'}
2019-03-11 12:16:00,188 INFO file:LinkedInSpider.py line:81 process:26536 thread:27560 message:{'user_name': u'\u5f90\u5929\u7fd4', 'person_url': u'https://www.linkedin.com/in/%E5%A4%A9%E7%BF%94-%E5%BE%90-63261392/'}
2019-03-11 12:16:00,233 INFO file:LinkedInSpider.py line:81 process:26536 thread:27560 message:{'user_name': u'\u5468\u8bd7\u742a', 'person_url': u'https://www.linkedin.com/in/tomsqzhou/'}
2019-03-11 12:16:00,282 INFO file:LinkedInSpider.py line:81 process:26536 thread:27560 message:{'user_name': u'Tom zhou', 'person_url': u'https://www.linkedin.com/in/tom-zhou-61695855/'}
2019-03-11 12:16:00,332 INFO file:LinkedInSpider.py line:81 process:26536 thread:27560 message:{'user_name': u'Tom Ma', 'person_url': u'https://www.linkedin.com/in/tom-ma-7ba536149/'}
2019-03-11 12:16:00,377 INFO file:LinkedInSpider.py line:81 process:26536 thread:27560 message:{'user_name': u'Tom Brennan', 'person_url': u'https://www.linkedin.com/in/tom-brennan-73ba60/'}
2019-03-11 12:16:00,424 INFO file:LinkedInSpider.py line:81 process:26536 thread:27560 message:{'user_name': u'Tom Deng', 'person_url': u'https://www.linkedin.com/in/tom-deng-97490815/'}
2019-03-11 12:16:00,471 INFO file:LinkedInSpider.py line:81 process:26536 thread:27560 message:{'user_name': u'\u623f\u6d9b', 'person_url': u'https://www.linkedin.com/in/%E6%B6%9B-%E6%88%BF-86622398/'}
2019-03-11 12:16:00,515 INFO file:LinkedInSpider.py line:81 process:26536 thread:27560 message:{'user_name': u'\u8463\u6d9b', 'person_url': u'https://www.linkedin.com/in/%E6%B6%9B-%E8%91%A3-414288b7/'}
2019-03-11 12:16:09,796 INFO file:LinkedInSpider.py line:81 process:26536 thread:27560 message:{'user_name': u'\u4f55\u98de\u53cb', 'person_url': u'https://www.linkedin.com/in/%E9%A3%9E%E5%8F%8B-%E4%BD%95-55255696/'}
2019-03-11 12:16:09,842 INFO file:LinkedInSpider.py line:81 process:26536 thread:27560 message:{'user_name': u'\u5510\u9752\u677e', 'person_url': u'https://www.linkedin.com/in/%E9%9D%92%E6%9D%BE-%E5%94%90-635a89100/'}
2019-03-11 12:16:09,885 INFO file:LinkedInSpider.py line:81 process:26536 thread:27560 message:{'user_name': u'Yilong(Tom) Cheng', 'person_url': u'https://www.linkedin.com/in/chengyilong/'}
2019-03-11 12:16:09,930 INFO file:LinkedInSpider.py line:81 process:26536 thread:27560 message:{'user_name': u'Tom Tang', 'person_url': u'https://www.linkedin.com/in/tom-tang-95bab3125/'}
2019-03-11 12:16:09,976 INFO file:LinkedInSpider.py line:81 process:26536 thread:27560 message:{'user_name': u'Tom Zou', 'person_url': u'https://www.linkedin.com/in/tom-zou-9b4545139/'}
2019-03-11 12:16:10,028 INFO file:LinkedInSpider.py line:81 process:26536 thread:27560 message:{'user_name': u'Tom Sun', 'person_url': u'https://www.linkedin.com/in/tom-sun-71794193/'}
2019-03-11 12:16:10,075 INFO file:LinkedInSpider.py line:81 process:26536 thread:27560 message:{'user_name': u'\u5f20\u90d1\u4e7e', 'person_url': u'https://www.linkedin.com/in/tom-zhang-8548096a/'}
2019-03-11 12:16:10,121 INFO file:LinkedInSpider.py line:81 process:26536 thread:27560 message:{'user_name': u'\u8bb8\u667a\u8c6a', 'person_url': u'https://www.linkedin.com/in/%E6%99%BA%E8%B1%AA-%E8%AE%B8-b30a83128/'}
2019-03-11 12:16:10,167 INFO file:LinkedInSpider.py line:81 process:26536 thread:27560 message:{'user_name': u'Shuhui(Tom) Li', 'person_url': u'https://www.linkedin.com/in/shuhui-tom-li-a3927584/'}
2019-03-11 12:16:10,213 INFO file:LinkedInSpider.py line:81 process:26536 thread:27560 message:{'user_name': u'Tom Tang', 'person_url': u'https://www.linkedin.com/in/tom-tang-1b79b4a6/'}
2019-03-11 12:16:18,943 INFO file:LinkedInSpider.py line:81 process:26536 thread:27560 message:{'user_name': u'Tom Fan', 'person_url': u'https://www.linkedin.com/in/princetoad/'}
2019-03-11 12:16:18,990 INFO file:LinkedInSpider.py line:81 process:26536 thread:27560 message:{'user_name': u'Tom Wu', 'person_url': u'https://www.linkedin.com/in/tom-wu-197633140/'}
2019-03-11 12:16:19,048 INFO file:LinkedInSpider.py line:81 process:26536 thread:27560 message:{'user_name': u'Tom Adebahr', 'person_url': u'https://www.linkedin.com/in/tomadebahr/'}
2019-03-11 12:16:19,098 INFO file:LinkedInSpider.py line:81 process:26536 thread:27560 message:{'user_name': u'Tom Chu', 'person_url': u'https://www.linkedin.com/in/tom-chu-32078a24/'}
2019-03-11 12:16:19,144 INFO file:LinkedInSpider.py line:81 process:26536 thread:27560 message:{'user_name': u'Ming Tang', 'person_url': u'https://www.linkedin.com/in/ming-tang-6897829a/'}
2019-03-11 12:16:19,158 INFO file:LinkedInSpider.py line:66 process:26536 thread:27560 message:('error:', '')
2019-03-11 13:32:56,720 INFO file:LinkedInSpider.py line:57 process:25464 thread:27276 message:('hptuestc@gmail.com', 'login success!')
2019-03-11 13:33:05,463 INFO file:LinkedInSpider.py line:85 process:25464 thread:27276 message:{'user_name': u'Tom Ford', 'person_url': u'https://www.linkedin.com/in/tom-ford-140893a6/'}
2019-03-11 13:33:05,510 INFO file:LinkedInSpider.py line:85 process:25464 thread:27276 message:{'user_name': u'Tom Larose', 'person_url': u'https://www.linkedin.com/in/tomlarose77/'}
2019-03-11 13:33:05,558 INFO file:LinkedInSpider.py line:85 process:25464 thread:27276 message:{'user_name': u'Tom Guo', 'person_url': u'https://www.linkedin.com/in/tom-guo-9ba12662/'}
2019-03-11 13:33:05,604 INFO file:LinkedInSpider.py line:85 process:25464 thread:27276 message:{'user_name': u'Tom Chen', 'person_url': u'https://www.linkedin.com/in/tom-chen-b54865125/'}
2019-03-11 13:33:05,650 INFO file:LinkedInSpider.py line:85 process:25464 thread:27276 message:{'user_name': u'Tom.JW Wang', 'person_url': u'https://www.linkedin.com/in/tomjwwang8156/'}
2019-03-11 13:33:05,697 INFO file:LinkedInSpider.py line:85 process:25464 thread:27276 message:{'user_name': u'Tom Rang', 'person_url': u'https://www.linkedin.com/in/tom-rang-49859b102/'}
2019-03-11 13:33:05,740 INFO file:LinkedInSpider.py line:85 process:25464 thread:27276 message:{'user_name': u'Tom Emrich', 'person_url': u'https://www.linkedin.com/in/thomasemrich/'}
2019-03-11 13:33:05,786 INFO file:LinkedInSpider.py line:85 process:25464 thread:27276 message:{'user_name': u'Tom Carreras', 'person_url': u'https://www.linkedin.com/in/tom-carreras-aa75b965/'}
2019-03-11 13:33:05,832 INFO file:LinkedInSpider.py line:85 process:25464 thread:27276 message:{'user_name': u'Tom Gonser', 'person_url': u'https://www.linkedin.com/in/tgonser/'}
2019-03-11 13:33:05,878 INFO file:LinkedInSpider.py line:85 process:25464 thread:27276 message:{'user_name': u'Tom Gardner', 'person_url': u'https://www.linkedin.com/in/tom-gardner-19715812/'}
2019-03-11 13:33:16,131 INFO file:LinkedInSpider.py line:85 process:25464 thread:27276 message:{'user_name': u'Tom Ford', 'person_url': u'https://www.linkedin.com/in/tom-ford-140893a6/'}
2019-03-11 13:33:16,177 INFO file:LinkedInSpider.py line:85 process:25464 thread:27276 message:{'user_name': u'Tom Larose', 'person_url': u'https://www.linkedin.com/in/tomlarose77/'}
2019-03-11 13:33:16,223 INFO file:LinkedInSpider.py line:85 process:25464 thread:27276 message:{'user_name': u'Tom Guo', 'person_url': u'https://www.linkedin.com/in/tom-guo-9ba12662/'}
2019-03-11 13:33:16,269 INFO file:LinkedInSpider.py line:85 process:25464 thread:27276 message:{'user_name': u'Tom Chen', 'person_url': u'https://www.linkedin.com/in/tom-chen-b54865125/'}
2019-03-11 13:33:16,315 INFO file:LinkedInSpider.py line:85 process:25464 thread:27276 message:{'user_name': u'Tom.JW Wang', 'person_url': u'https://www.linkedin.com/in/tomjwwang8156/'}
2019-03-11 13:33:16,365 INFO file:LinkedInSpider.py line:85 process:25464 thread:27276 message:{'user_name': u'Tom Rang', 'person_url': u'https://www.linkedin.com/in/tom-rang-49859b102/'}
2019-03-11 13:33:16,411 INFO file:LinkedInSpider.py line:85 process:25464 thread:27276 message:{'user_name': u'Tom Emrich', 'person_url': u'https://www.linkedin.com/in/thomasemrich/'}
2019-03-11 13:33:16,457 INFO file:LinkedInSpider.py line:85 process:25464 thread:27276 message:{'user_name': u'Tom Carreras', 'person_url': u'https://www.linkedin.com/in/tom-carreras-aa75b965/'}
2019-03-11 13:33:16,503 INFO file:LinkedInSpider.py line:85 process:25464 thread:27276 message:{'user_name': u'Tom Gonser', 'person_url': u'https://www.linkedin.com/in/tgonser/'}
2019-03-11 13:33:16,549 INFO file:LinkedInSpider.py line:85 process:25464 thread:27276 message:{'user_name': u'Tom Gardner', 'person_url': u'https://www.linkedin.com/in/tom-gardner-19715812/'}
