2019-03-11 09:43:48,082 INFO file:API.py line:124 process:26280 thread:22484 message:('person_url:', u'https://twitter.com/hallmarkchannel', 'screen_name:', u'@hallmarkchannel', 'user_name:', u'Hallmark Channel')
2019-03-11 09:43:48,154 INFO file:API.py line:124 process:26280 thread:22484 message:('person_url:', u'https://twitter.com/BilldeBlasio', 'screen_name:', u'@BilldeBlasio', 'user_name:', u'Bill de Blasio')
2019-03-11 09:43:48,217 INFO file:API.py line:124 process:26280 thread:22484 message:('person_url:', u'https://twitter.com/GovBillWeld', 'screen_name:', u'@GovBillWeld', 'user_name:', u'Gov. Bill Weld')
2019-03-11 09:43:48,282 INFO file:API.py line:124 process:26280 thread:22484 message:('person_url:', u'https://twitter.com/Goldberg', 'screen_name:', u'@Goldberg', 'user_name:', u'Bill Goldberg')
2019-03-11 09:43:48,345 INFO file:API.py line:124 process:26280 thread:22484 message:('person_url:', u'https://twitter.com/billburr', 'screen_name:', u'@billburr', 'user_name:', u'Bill Burr')
2019-03-11 09:43:48,407 INFO file:API.py line:124 process:26280 thread:22484 message:('person_url:', u'https://twitter.com/billshortenmp', 'screen_name:', u'@billshortenmp', 'user_name:', u'Bill Shorten')
2019-03-11 09:43:48,484 INFO file:API.py line:124 process:26280 thread:22484 message:('person_url:', u'https://twitter.com/WilliamShatner', 'screen_name:', u'@WilliamShatner', 'user_name:', u'William Shatner')
2019-03-11 09:43:48,559 INFO file:API.py line:124 process:26280 thread:22484 message:('person_url:', u'https://twitter.com/BillWeirCNN', 'screen_name:', u'@BillWeirCNN', 'user_name:', u'Bill Weir')
2019-03-11 09:43:48,624 INFO file:API.py line:124 process:26280 thread:22484 message:('person_url:', u'https://twitter.com/BillOReilly', 'screen_name:', u'@BillOReilly', 'user_name:', u"Bill O'Reilly")
2019-03-11 09:43:48,687 INFO file:API.py line:124 process:26280 thread:22484 message:('person_url:', u'https://twitter.com/BillClinton', 'screen_name:', u'@BillClinton', 'user_name:', u'Bill Clinton')
2019-03-11 09:43:48,756 INFO file:API.py line:124 process:26280 thread:22484 message:('person_url:', u'https://twitter.com/Billbrowder', 'screen_name:', u'@Billbrowder', 'user_name:', u'Bill Browder')
2019-03-11 09:43:48,822 INFO file:API.py line:124 process:26280 thread:22484 message:('person_url:', u'https://twitter.com/BillCosby', 'screen_name:', u'@BillCosby', 'user_name:', u'Bill Cosby')
2019-03-11 09:43:48,910 INFO file:API.py line:124 process:26280 thread:22484 message:('person_url:', u'https://twitter.com/SenBillNelson', 'screen_name:', u'@SenBillNelson', 'user_name:', u'Senator Bill Nelson')
2019-03-11 09:43:48,973 INFO file:API.py line:124 process:26280 thread:22484 message:('person_url:', u'https://twitter.com/USRepKeating', 'screen_name:', u'@USRepKeating', 'user_name:', u'Congressman Bill Keating')
2019-03-11 09:43:49,032 INFO file:API.py line:124 process:26280 thread:22484 message:('person_url:', u'https://twitter.com/Bill_Gross', 'screen_name:', u'@Bill_Gross', 'user_name:', u'Bill Gross')
2019-03-11 09:43:49,092 INFO file:API.py line:124 process:26280 thread:22484 message:('person_url:', u'https://twitter.com/RepBillJohnson', 'screen_name:', u'@RepBillJohnson', 'user_name:', u'Bill Johnson')
2019-03-11 09:43:49,160 INFO file:API.py line:124 process:26280 thread:22484 message:('person_url:', u'https://twitter.com/BillNye', 'screen_name:', u'@BillNye', 'user_name:', u'Bill Nye')
2019-03-11 09:43:49,226 INFO file:API.py line:124 process:26280 thread:22484 message:('person_url:', u'https://twitter.com/BillSimmons', 'screen_name:', u'@BillSimmons', 'user_name:', u'Bill Simmons')
2019-03-11 09:43:49,292 INFO file:API.py line:124 process:26280 thread:22484 message:('person_url:', u'https://twitter.com/GreatDismal', 'screen_name:', u'@GreatDismal', 'user_name:', u'William Gibson')
2019-03-11 09:43:49,357 INFO file:API.py line:124 process:26280 thread:22484 message:('person_url:', u'https://twitter.com/joshuadun', 'screen_name:', u'@joshuadun', 'user_name:', u'josh dun')
2019-03-11 09:43:49,424 INFO file:API.py line:124 process:26280 thread:22484 message:('person_url:', u'https://twitter.com/BillRancic', 'screen_name:', u'@BillRancic', 'user_name:', u'Bill Rancic')
2019-03-11 09:43:49,489 INFO file:API.py line:124 process:26280 thread:22484 message:('person_url:', u'https://twitter.com/bill_wyman', 'screen_name:', u'@bill_wyman', 'user_name:', u'Bill Wyman')
2019-03-11 09:43:49,578 INFO file:API.py line:124 process:26280 thread:22484 message:('person_url:', u'https://twitter.com/robcorddry', 'screen_name:', u'@robcorddry', 'user_name:', u'rob corddry')
2019-03-11 09:43:49,635 INFO file:API.py line:124 process:26280 thread:22484 message:('person_url:', u'https://twitter.com/WilliamsRuto', 'screen_name:', u'@WilliamsRuto', 'user_name:', u'William Samoei Ruto, PhD')
2019-03-11 09:43:49,700 INFO file:API.py line:124 process:26280 thread:22484 message:('person_url:', u'https://twitter.com/BillWalton', 'screen_name:', u'@BillWalton', 'user_name:', u'Bill Walton')
2019-03-11 09:43:49,759 INFO file:API.py line:124 process:26280 thread:22484 message:('person_url:', u'https://twitter.com/BillGates', 'screen_name:', u'@BillGates', 'user_name:', u'Bill Gates')
2019-03-11 09:43:49,818 INFO file:API.py line:124 process:26280 thread:22484 message:('person_url:', u'https://twitter.com/BretBaier', 'screen_name:', u'@BretBaier', 'user_name:', u'Bret Baier')
2019-03-11 09:43:49,878 INFO file:API.py line:124 process:26280 thread:22484 message:('person_url:', u'https://twitter.com/gatesfoundation', 'screen_name:', u'@gatesfoundation', 'user_name:', u'Gates Foundation')
2019-03-11 09:43:49,940 INFO file:API.py line:124 process:26280 thread:22484 message:('person_url:', u'https://twitter.com/iamwill', 'screen_name:', u'@iamwill', 'user_name:', u'will.i.am')
2019-03-11 09:43:50,003 INFO file:API.py line:124 process:26280 thread:22484 message:('person_url:', u'https://twitter.com/billamend', 'screen_name:', u'@billamend', 'user_name:', u'Bill Amend')
2019-03-11 09:43:50,065 INFO file:API.py line:124 process:26280 thread:22484 message:('person_url:', u'https://twitter.com/BillyHallowell', 'screen_name:', u'@BillyHallowell', 'user_name:', u'Billy Hallowell')
2019-03-11 09:43:50,130 INFO file:API.py line:124 process:26280 thread:22484 message:('person_url:', u'https://twitter.com/willylevy29', 'screen_name:', u'@willylevy29', 'user_name:', u'William Levy')
2019-03-11 09:43:50,196 INFO file:API.py line:124 process:26280 thread:22484 message:('person_url:', u'https://twitter.com/SarahKSilverman', 'screen_name:', u'@SarahKSilverman', 'user_name:', u'Sarah Silverman')
2019-03-11 09:43:50,256 INFO file:API.py line:124 process:26280 thread:22484 message:('person_url:', u'https://twitter.com/WJCLibrary', 'screen_name:', u'@WJCLibrary', 'user_name:', u'Clinton Library')
2019-03-11 09:43:50,315 INFO file:API.py line:124 process:26280 thread:22484 message:('person_url:', u'https://twitter.com/RealTimers', 'screen_name:', u'@RealTimers', 'user_name:', u'Real Time')
2019-03-11 09:43:50,381 INFO file:API.py line:124 process:26280 thread:22484 message:('person_url:', u'https://twitter.com/RayJ', 'screen_name:', u'@RayJ', 'user_name:', u'Ray J')
2019-03-11 09:43:50,450 INFO file:API.py line:124 process:26280 thread:22484 message:('person_url:', u'https://twitter.com/billprady', 'screen_name:', u'@billprady', 'user_name:', u'Bill Prady')
2019-03-11 09:43:50,509 INFO file:API.py line:124 process:26280 thread:22484 message:('person_url:', u'https://twitter.com/PhilipBloom', 'screen_name:', u'@PhilipBloom', 'user_name:', u'Philip Bloom')
2019-03-11 09:43:50,573 INFO file:API.py line:124 process:26280 thread:22484 message:('person_url:', u'https://twitter.com/willtudor1', 'screen_name:', u'@willtudor1', 'user_name:', u'Will Tudor')
2019-03-11 09:43:50,644 INFO file:API.py line:124 process:26280 thread:22484 message:('person_url:', u'https://twitter.com/NFFNetwork', 'screen_name:', u'@NFFNetwork', 'user_name:', u'Football Foundation')
2019-03-11 09:43:50,710 INFO file:API.py line:124 process:26280 thread:22484 message:('person_url:', u'https://twitter.com/34billy42', 'screen_name:', u'@34billy42', 'user_name:', u'Bill Wennington')
2019-03-11 09:43:50,779 INFO file:API.py line:124 process:26280 thread:22484 message:('person_url:', u'https://twitter.com/votetimmons', 'screen_name:', u'@votetimmons', 'user_name:', u'William Timmons')
2019-03-11 09:43:50,844 INFO file:API.py line:124 process:26280 thread:22484 message:('person_url:', u'https://twitter.com/billroggio', 'screen_name:', u'@billroggio', 'user_name:', u'Bill Roggio')
2019-03-11 09:43:50,911 INFO file:API.py line:124 process:26280 thread:22484 message:('person_url:', u'https://twitter.com/congbillposey', 'screen_name:', u'@congbillposey', 'user_name:', u'Bill Posey')
2019-03-11 09:43:50,973 INFO file:API.py line:124 process:26280 thread:22484 message:('person_url:', u'https://twitter.com/billsequipment', 'screen_name:', u'@billsequipment', 'user_name:', u'billsequipment')
2019-03-11 09:43:51,038 INFO file:API.py line:124 process:26280 thread:22484 message:('person_url:', u'https://twitter.com/iamwandasykes', 'screen_name:', u'@iamwandasykes', 'user_name:', u'Wanda Sykes')
2019-03-11 09:43:51,102 INFO file:API.py line:124 process:26280 thread:22484 message:('person_url:', u'https://twitter.com/BillNeelyNBC', 'screen_name:', u'@BillNeelyNBC', 'user_name:', u'Bill Neely')
2019-03-11 09:43:51,171 INFO file:API.py line:124 process:26280 thread:22484 message:('person_url:', u'https://twitter.com/LacyClayMO1', 'screen_name:', u'@LacyClayMO1', 'user_name:', u'Lacy Clay MO1st')
2019-03-11 09:43:51,239 INFO file:API.py line:124 process:26280 thread:22484 message:('person_url:', u'https://twitter.com/billmcdonough', 'screen_name:', u'@billmcdonough', 'user_name:', u'William McDonough')
2019-03-11 09:43:51,303 INFO file:API.py line:124 process:26280 thread:22484 message:('person_url:', u'https://twitter.com/thatbilloakley', 'screen_name:', u'@thatbilloakley', 'user_name:', u'BILL OAKLEY')
2019-03-11 09:43:51,369 INFO file:API.py line:124 process:26280 thread:22484 message:('person_url:', u'https://twitter.com/BillBlair', 'screen_name:', u'@BillBlair', 'user_name:', u'Bill Blair')
2019-03-11 09:43:51,438 INFO file:API.py line:124 process:26280 thread:22484 message:('person_url:', u'https://twitter.com/WilliamPennFdn', 'screen_name:', u'@WilliamPennFdn', 'user_name:', u'WilliamPennFdn')
2019-03-11 09:43:51,520 INFO file:API.py line:124 process:26280 thread:22484 message:('person_url:', u'https://twitter.com/billoberstjr', 'screen_name:', u'@billoberstjr', 'user_name:', u'Bill Oberst Jr.')
2019-03-11 09:43:51,586 INFO file:API.py line:124 process:26280 thread:22484 message:('person_url:', u'https://twitter.com/wkayser', 'screen_name:', u'@wkayser', 'user_name:', u'William Kayser')
2019-03-11 09:43:51,651 INFO file:API.py line:124 process:26280 thread:22484 message:('person_url:', u'https://twitter.com/KristinaWebb', 'screen_name:', u'@KristinaWebb', 'user_name:', u'Kristina Webb')
2019-03-11 09:43:51,720 INFO file:API.py line:124 process:26280 thread:22484 message:('person_url:', u'https://twitter.com/AupitoWSio_MP', 'screen_name:', u'@AupitoWSio_MP', 'user_name:', u'Aupito W. Sio, MP')
2019-03-11 09:43:51,786 INFO file:API.py line:124 process:26280 thread:22484 message:('person_url:', u'https://twitter.com/williamlanday', 'screen_name:', u'@williamlanday', 'user_name:', u'William Landay')
2019-03-11 09:43:51,851 INFO file:API.py line:124 process:26280 thread:22484 message:('person_url:', u'https://twitter.com/wjantholis', 'screen_name:', u'@wjantholis', 'user_name:', u'William Antholis')
2019-03-11 09:43:51,921 INFO file:API.py line:124 process:26280 thread:22484 message:('person_url:', u'https://twitter.com/HP', 'screen_name:', u'@HP', 'user_name:', u'HP')
2019-03-11 09:43:51,990 INFO file:API.py line:124 process:26280 thread:22484 message:('person_url:', u'https://twitter.com/williamhanson', 'screen_name:', u'@williamhanson', 'user_name:', u'William Hanson')
2019-03-11 09:43:52,055 INFO file:API.py line:124 process:26280 thread:22484 message:('person_url:', u'https://twitter.com/SenBillFerg', 'screen_name:', u'@SenBillFerg', 'user_name:', u'Bill Ferguson')
2019-03-11 09:43:52,125 INFO file:API.py line:124 process:26280 thread:22484 message:('person_url:', u'https://twitter.com/BillZucker', 'screen_name:', u'@BillZucker', 'user_name:', u'SpiritofBill Zucker')
2019-03-11 09:43:52,193 INFO file:API.py line:124 process:26280 thread:22484 message:('person_url:', u'https://twitter.com/WayneMcCullough', 'screen_name:', u'@WayneMcCullough', 'user_name:', u'Wayne McCullough OLY  \n\U0001f94a')
2019-03-11 09:43:52,256 INFO file:API.py line:124 process:26280 thread:22484 message:('person_url:', u'https://twitter.com/billphillipsMH', 'screen_name:', u'@billphillipsMH', 'user_name:', u'Bill Phillips')
2019-03-11 09:43:52,325 INFO file:API.py line:124 process:26280 thread:22484 message:('person_url:', u'https://twitter.com/Billy_Connolly', 'screen_name:', u'@Billy_Connolly', 'user_name:', u'Billy Connolly')
2019-03-11 09:43:52,392 INFO file:API.py line:124 process:26280 thread:22484 message:('person_url:', u'https://twitter.com/TheNickLeeson', 'screen_name:', u'@TheNickLeeson', 'user_name:', u'Nick Leeson')
2019-03-11 09:43:52,457 INFO file:API.py line:124 process:26280 thread:22484 message:('person_url:', u'https://twitter.com/WilliamKeating', 'screen_name:', u'@WilliamKeating', 'user_name:', u'Bill Keating')
2019-03-11 09:43:52,526 INFO file:API.py line:124 process:26280 thread:22484 message:('person_url:', u'https://twitter.com/ChaseDaniel', 'screen_name:', u'@ChaseDaniel', 'user_name:', u'Chase Daniel')
2019-03-11 09:43:52,592 INFO file:API.py line:124 process:26280 thread:22484 message:('person_url:', u'https://twitter.com/middlebrooks', 'screen_name:', u'@middlebrooks', 'user_name:', u'Will Middlebrooks')
2019-03-11 09:43:52,663 INFO file:API.py line:124 process:26280 thread:22484 message:('person_url:', u'https://twitter.com/BillsLegends', 'screen_name:', u'@BillsLegends', 'user_name:', u'Bills Legends Community \n\u2122\ufe0f')
2019-03-11 09:43:52,726 INFO file:API.py line:124 process:26280 thread:22484 message:('person_url:', u'https://twitter.com/RobinWGrimes', 'screen_name:', u'@RobinWGrimes', 'user_name:', u'Robin Grimes')
2019-03-11 09:43:52,793 INFO file:API.py line:124 process:26280 thread:22484 message:('person_url:', u'https://twitter.com/T_Rozzay3', 'screen_name:', u'@T_Rozzay3', 'user_name:', u'Terry Rozier')
2019-03-11 09:43:52,858 INFO file:API.py line:124 process:26280 thread:22484 message:('person_url:', u'https://twitter.com/Da_Thrill21', 'screen_name:', u'@Da_Thrill21', 'user_name:', u'Will Clyburn')
2019-03-11 09:43:52,917 INFO file:API.py line:124 process:26280 thread:22484 message:('person_url:', u'https://twitter.com/tonyparker', 'screen_name:', u'@tonyparker', 'user_name:', u'Tony Parker')
2019-03-11 09:43:52,917 INFO file:API.py line:149 process:26280 thread:22484 message:crawler success
